[2021-03-24 13:37:16,286][__main__][INFO] - ====================
[2021-03-24 13:37:16,293][__main__][INFO] - Device: cuda:1
[2021-03-24 13:37:16,294][__main__][INFO] - Preprocessing...
[2021-03-24 13:37:17,145][__main__][INFO] - Making Dataset...
[2021-03-24 13:37:17,412][__main__][INFO] - Model:rnn
[2021-03-24 13:37:20,971][__main__][INFO] - ===== Start 5-fold training! =====
[2021-03-24 13:37:21,052][trainer][INFO] - ===== Epoch 0 - Fold 0 =====
[2021-03-24 13:37:21,134][trainer][INFO] - [0%] Train Loss: 0.021531 Accuracy: 50.00%
[2021-03-24 13:37:41,332][trainer][INFO] - [10%] Train Loss: 0.017878 Accuracy: 69.86%
[2021-03-24 13:38:01,638][trainer][INFO] - [20%] Train Loss: 0.017296 Accuracy: 71.25%
[2021-03-24 13:38:21,631][trainer][INFO] - [30%] Train Loss: 0.016788 Accuracy: 72.39%
[2021-03-24 13:38:41,491][trainer][INFO] - [40%] Train Loss: 0.016491 Accuracy: 73.10%
[2021-03-24 13:39:01,866][trainer][INFO] - [50%] Train Loss: 0.016243 Accuracy: 73.61%
[2021-03-24 13:39:22,423][trainer][INFO] - [60%] Train Loss: 0.016003 Accuracy: 74.11%
[2021-03-24 13:39:42,433][trainer][INFO] - [70%] Train Loss: 0.015824 Accuracy: 74.55%
[2021-03-24 13:40:02,577][trainer][INFO] - [80%] Train Loss: 0.015645 Accuracy: 74.99%
[2021-03-24 13:40:23,059][trainer][INFO] - [90%] Train Loss: 0.015530 Accuracy: 75.24%
[2021-03-24 13:40:43,691][trainer][INFO] - [100%] Train Loss: 0.015410 Accuracy: 75.48%
[2021-03-24 13:41:02,081][trainer][INFO] - Valid Loss: 0.014225 Accuracy: 78.34%
[2021-03-24 13:41:02,081][trainer][INFO] - ===== Epoch 0 - Fold 1 =====
[2021-03-24 13:41:02,161][trainer][INFO] - [0%] Train Loss: 0.013154 Accuracy: 78.12%
[2021-03-24 13:41:22,716][trainer][INFO] - [10%] Train Loss: 0.014405 Accuracy: 78.19%
[2021-03-24 13:41:42,790][trainer][INFO] - [20%] Train Loss: 0.014489 Accuracy: 77.66%
[2021-03-24 13:42:02,937][trainer][INFO] - [30%] Train Loss: 0.014322 Accuracy: 77.97%
[2021-03-24 13:42:22,787][trainer][INFO] - [40%] Train Loss: 0.014214 Accuracy: 78.12%
[2021-03-24 13:42:43,459][trainer][INFO] - [50%] Train Loss: 0.014177 Accuracy: 78.27%
[2021-03-24 13:43:03,856][trainer][INFO] - [60%] Train Loss: 0.014166 Accuracy: 78.33%
[2021-03-24 13:43:24,407][trainer][INFO] - [70%] Train Loss: 0.014176 Accuracy: 78.31%
[2021-03-24 13:43:44,744][trainer][INFO] - [80%] Train Loss: 0.014213 Accuracy: 78.26%
[2021-03-24 13:44:04,885][trainer][INFO] - [90%] Train Loss: 0.014142 Accuracy: 78.41%
[2021-03-24 13:44:24,926][trainer][INFO] - [100%] Train Loss: 0.014154 Accuracy: 78.40%
[2021-03-24 13:44:43,383][trainer][INFO] - Valid Loss: 0.013906 Accuracy: 78.95%
[2021-03-24 13:44:43,384][trainer][INFO] - ===== Epoch 0 - Fold 2 =====
[2021-03-24 13:44:43,470][trainer][INFO] - [0%] Train Loss: 0.011925 Accuracy: 81.25%
[2021-03-24 13:45:03,823][trainer][INFO] - [10%] Train Loss: 0.013570 Accuracy: 79.38%
[2021-03-24 13:45:24,096][trainer][INFO] - [20%] Train Loss: 0.013666 Accuracy: 79.32%
[2021-03-24 13:45:44,616][trainer][INFO] - [30%] Train Loss: 0.013590 Accuracy: 79.48%
[2021-03-24 13:46:04,783][trainer][INFO] - [40%] Train Loss: 0.013645 Accuracy: 79.47%
[2021-03-24 13:46:24,989][trainer][INFO] - [50%] Train Loss: 0.013627 Accuracy: 79.50%
[2021-03-24 13:46:45,185][trainer][INFO] - [60%] Train Loss: 0.013567 Accuracy: 79.50%
[2021-03-24 13:47:05,342][trainer][INFO] - [70%] Train Loss: 0.013579 Accuracy: 79.49%
[2021-03-24 13:47:25,563][trainer][INFO] - [80%] Train Loss: 0.013581 Accuracy: 79.45%
[2021-03-24 13:47:45,993][trainer][INFO] - [90%] Train Loss: 0.013567 Accuracy: 79.43%
[2021-03-24 13:48:06,432][trainer][INFO] - [100%] Train Loss: 0.013592 Accuracy: 79.39%
[2021-03-24 13:48:24,669][trainer][INFO] - Valid Loss: 0.013429 Accuracy: 79.80%
[2021-03-24 13:48:24,669][trainer][INFO] - ===== Epoch 0 - Fold 3 =====
[2021-03-24 13:48:24,748][trainer][INFO] - [0%] Train Loss: 0.013978 Accuracy: 78.12%
[2021-03-24 13:48:44,946][trainer][INFO] - [10%] Train Loss: 0.012998 Accuracy: 80.54%
[2021-03-24 13:49:05,124][trainer][INFO] - [20%] Train Loss: 0.013176 Accuracy: 80.46%
[2021-03-24 13:49:25,540][trainer][INFO] - [30%] Train Loss: 0.013218 Accuracy: 80.47%
[2021-03-24 13:49:45,753][trainer][INFO] - [40%] Train Loss: 0.013216 Accuracy: 80.38%
[2021-03-24 13:50:06,158][trainer][INFO] - [50%] Train Loss: 0.013216 Accuracy: 80.28%
[2021-03-24 13:50:26,604][trainer][INFO] - [60%] Train Loss: 0.013256 Accuracy: 80.13%
[2021-03-24 13:50:46,506][trainer][INFO] - [70%] Train Loss: 0.013236 Accuracy: 80.17%
[2021-03-24 13:51:06,649][trainer][INFO] - [80%] Train Loss: 0.013233 Accuracy: 80.10%
[2021-03-24 13:51:26,815][trainer][INFO] - [90%] Train Loss: 0.013237 Accuracy: 80.10%
[2021-03-24 13:51:47,172][trainer][INFO] - [100%] Train Loss: 0.013231 Accuracy: 80.11%
[2021-03-24 13:52:05,579][trainer][INFO] - Valid Loss: 0.013387 Accuracy: 80.06%
[2021-03-24 13:52:05,580][trainer][INFO] - ===== Epoch 0 - Fold 4 =====
[2021-03-24 13:52:05,669][trainer][INFO] - [0%] Train Loss: 0.009801 Accuracy: 81.25%
[2021-03-24 13:52:25,864][trainer][INFO] - [10%] Train Loss: 0.012989 Accuracy: 80.39%
[2021-03-24 13:52:45,993][trainer][INFO] - [20%] Train Loss: 0.013070 Accuracy: 80.33%
[2021-03-24 13:53:06,144][trainer][INFO] - [30%] Train Loss: 0.013091 Accuracy: 80.43%
[2021-03-24 13:53:26,636][trainer][INFO] - [40%] Train Loss: 0.013068 Accuracy: 80.37%
[2021-03-24 13:53:46,903][trainer][INFO] - [50%] Train Loss: 0.012993 Accuracy: 80.60%
[2021-03-24 13:54:07,189][trainer][INFO] - [60%] Train Loss: 0.013045 Accuracy: 80.56%
[2021-03-24 13:54:27,285][trainer][INFO] - [70%] Train Loss: 0.013101 Accuracy: 80.48%
[2021-03-24 13:54:47,717][trainer][INFO] - [80%] Train Loss: 0.013103 Accuracy: 80.49%
[2021-03-24 13:55:08,149][trainer][INFO] - [90%] Train Loss: 0.013118 Accuracy: 80.43%
[2021-03-24 13:55:28,293][trainer][INFO] - [100%] Train Loss: 0.013146 Accuracy: 80.39%
[2021-03-24 13:55:46,623][trainer][INFO] - Valid Loss: 0.012666 Accuracy: 81.16%
