[2021-03-24 12:55:52,604][__main__][INFO] - ====================
[2021-03-24 12:55:52,611][__main__][INFO] - Device: cuda:1
[2021-03-24 12:55:52,611][__main__][INFO] - Preprocessing...
[2021-03-24 12:55:53,470][__main__][INFO] - Making Dataset...
[2021-03-24 12:55:53,739][__main__][INFO] - Model:rnn
[2021-03-24 12:55:57,305][__main__][INFO] - ===== Start 5-fold training! =====
[2021-03-24 12:55:57,388][trainer][INFO] - ===== Epoch 0 - Fold 0 =====
[2021-03-24 12:55:57,478][trainer][INFO] - [0%] Train Loss: 0.021860 Accuracy: 46.88%
[2021-03-24 12:56:17,730][trainer][INFO] - [10%] Train Loss: 0.017780 Accuracy: 69.64%
[2021-03-24 12:56:38,073][trainer][INFO] - [20%] Train Loss: 0.017149 Accuracy: 71.32%
[2021-03-24 12:56:58,186][trainer][INFO] - [30%] Train Loss: 0.016853 Accuracy: 72.02%
[2021-03-24 12:57:18,471][trainer][INFO] - [40%] Train Loss: 0.016572 Accuracy: 72.74%
[2021-03-24 12:57:38,684][trainer][INFO] - [50%] Train Loss: 0.016252 Accuracy: 73.52%
[2021-03-24 12:57:59,055][trainer][INFO] - [60%] Train Loss: 0.016021 Accuracy: 74.06%
[2021-03-24 12:58:19,074][trainer][INFO] - [70%] Train Loss: 0.015811 Accuracy: 74.59%
[2021-03-24 12:58:39,165][trainer][INFO] - [80%] Train Loss: 0.015666 Accuracy: 74.90%
[2021-03-24 12:58:59,495][trainer][INFO] - [90%] Train Loss: 0.015503 Accuracy: 75.27%
[2021-03-24 12:59:19,655][trainer][INFO] - [100%] Train Loss: 0.015371 Accuracy: 75.56%
[2021-03-24 12:59:37,904][trainer][INFO] - Valid Loss: 0.014343 Accuracy: 77.99%
[2021-03-24 12:59:37,904][trainer][INFO] - ===== Epoch 0 - Fold 1 =====
[2021-03-24 12:59:37,988][trainer][INFO] - [0%] Train Loss: 0.017205 Accuracy: 71.88%
[2021-03-24 12:59:57,965][trainer][INFO] - [10%] Train Loss: 0.014134 Accuracy: 78.09%
[2021-03-24 13:00:18,416][trainer][INFO] - [20%] Train Loss: 0.014248 Accuracy: 77.79%
[2021-03-24 13:00:38,553][trainer][INFO] - [30%] Train Loss: 0.014281 Accuracy: 77.76%
[2021-03-24 13:00:58,685][trainer][INFO] - [40%] Train Loss: 0.014304 Accuracy: 77.80%
[2021-03-24 13:01:18,809][trainer][INFO] - [50%] Train Loss: 0.014280 Accuracy: 77.82%
[2021-03-24 13:01:39,012][trainer][INFO] - [60%] Train Loss: 0.014259 Accuracy: 77.80%
[2021-03-24 13:01:59,550][trainer][INFO] - [70%] Train Loss: 0.014221 Accuracy: 77.92%
[2021-03-24 13:02:19,262][trainer][INFO] - [80%] Train Loss: 0.014178 Accuracy: 78.04%
[2021-03-24 13:02:39,777][trainer][INFO] - [90%] Train Loss: 0.014174 Accuracy: 78.10%
[2021-03-24 13:03:00,073][trainer][INFO] - [100%] Train Loss: 0.014176 Accuracy: 78.17%
[2021-03-24 13:03:18,398][trainer][INFO] - Valid Loss: 0.013960 Accuracy: 78.59%
[2021-03-24 13:03:18,398][trainer][INFO] - ===== Epoch 0 - Fold 2 =====
[2021-03-24 13:03:18,473][trainer][INFO] - [0%] Train Loss: 0.011792 Accuracy: 84.38%
[2021-03-24 13:03:38,310][trainer][INFO] - [10%] Train Loss: 0.013872 Accuracy: 78.77%
[2021-03-24 13:03:58,643][trainer][INFO] - [20%] Train Loss: 0.013695 Accuracy: 79.24%
[2021-03-24 13:04:18,879][trainer][INFO] - [30%] Train Loss: 0.013644 Accuracy: 79.34%
[2021-03-24 13:04:39,526][trainer][INFO] - [40%] Train Loss: 0.013655 Accuracy: 79.22%
[2021-03-24 13:04:59,746][trainer][INFO] - [50%] Train Loss: 0.013580 Accuracy: 79.50%
[2021-03-24 13:05:19,681][trainer][INFO] - [60%] Train Loss: 0.013636 Accuracy: 79.40%
[2021-03-24 13:05:39,963][trainer][INFO] - [70%] Train Loss: 0.013617 Accuracy: 79.45%
[2021-03-24 13:06:00,113][trainer][INFO] - [80%] Train Loss: 0.013659 Accuracy: 79.35%
[2021-03-24 13:06:20,367][trainer][INFO] - [90%] Train Loss: 0.013645 Accuracy: 79.36%
[2021-03-24 13:06:40,452][trainer][INFO] - [100%] Train Loss: 0.013644 Accuracy: 79.34%
[2021-03-24 13:06:58,865][trainer][INFO] - Valid Loss: 0.013366 Accuracy: 80.02%
[2021-03-24 13:06:58,865][trainer][INFO] - ===== Epoch 0 - Fold 3 =====
[2021-03-24 13:06:58,946][trainer][INFO] - [0%] Train Loss: 0.013218 Accuracy: 87.50%
[2021-03-24 13:07:19,441][trainer][INFO] - [10%] Train Loss: 0.013186 Accuracy: 79.54%
[2021-03-24 13:07:39,536][trainer][INFO] - [20%] Train Loss: 0.013128 Accuracy: 80.07%
[2021-03-24 13:07:59,831][trainer][INFO] - [30%] Train Loss: 0.013256 Accuracy: 79.76%
[2021-03-24 13:08:20,184][trainer][INFO] - [40%] Train Loss: 0.013241 Accuracy: 79.89%
[2021-03-24 13:08:40,449][trainer][INFO] - [50%] Train Loss: 0.013218 Accuracy: 79.98%
[2021-03-24 13:09:00,602][trainer][INFO] - [60%] Train Loss: 0.013207 Accuracy: 80.03%
[2021-03-24 13:09:21,051][trainer][INFO] - [70%] Train Loss: 0.013264 Accuracy: 79.91%
[2021-03-24 13:09:40,723][trainer][INFO] - [80%] Train Loss: 0.013277 Accuracy: 79.90%
[2021-03-24 13:10:00,783][trainer][INFO] - [90%] Train Loss: 0.013261 Accuracy: 79.90%
[2021-03-24 13:10:20,727][trainer][INFO] - [100%] Train Loss: 0.013286 Accuracy: 79.91%
[2021-03-24 13:10:39,258][trainer][INFO] - Valid Loss: 0.013182 Accuracy: 80.47%
[2021-03-24 13:10:39,258][trainer][INFO] - ===== Epoch 0 - Fold 4 =====
[2021-03-24 13:10:39,335][trainer][INFO] - [0%] Train Loss: 0.011329 Accuracy: 87.50%
[2021-03-24 13:10:59,785][trainer][INFO] - [10%] Train Loss: 0.012864 Accuracy: 80.70%
[2021-03-24 13:11:20,047][trainer][INFO] - [20%] Train Loss: 0.012893 Accuracy: 80.65%
[2021-03-24 13:11:40,104][trainer][INFO] - [30%] Train Loss: 0.012918 Accuracy: 80.77%
[2021-03-24 13:12:00,562][trainer][INFO] - [40%] Train Loss: 0.013004 Accuracy: 80.53%
[2021-03-24 13:12:21,114][trainer][INFO] - [50%] Train Loss: 0.013083 Accuracy: 80.47%
[2021-03-24 13:12:41,421][trainer][INFO] - [60%] Train Loss: 0.013101 Accuracy: 80.51%
[2021-03-24 13:13:01,686][trainer][INFO] - [70%] Train Loss: 0.013100 Accuracy: 80.52%
[2021-03-24 13:13:21,804][trainer][INFO] - [80%] Train Loss: 0.013097 Accuracy: 80.48%
[2021-03-24 13:13:41,885][trainer][INFO] - [90%] Train Loss: 0.013123 Accuracy: 80.46%
[2021-03-24 13:14:01,974][trainer][INFO] - [100%] Train Loss: 0.013115 Accuracy: 80.49%
[2021-03-24 13:14:20,258][trainer][INFO] - Valid Loss: 0.012827 Accuracy: 81.11%
