[2021-03-23 13:59:31,387][__main__][INFO] - ====================
[2021-03-23 13:59:31,394][__main__][INFO] - Device: cuda:1
[2021-03-23 13:59:31,394][__main__][INFO] - Preprocessing...
[2021-03-23 13:59:32,239][__main__][INFO] - Making Dataset...
[2021-03-23 13:59:35,917][__main__][INFO] - Model:rnn
[2021-03-23 13:59:35,918][__main__][INFO] - =====Start 5-fold training!=====
[2021-03-23 13:59:35,999][trainer][INFO] - Epoch: 0 Fold: 5
[2021-03-23 13:59:36,045][trainer][INFO] - [0% data] Average Loss: 2.49 
[2021-03-23 13:59:36,061][trainer][INFO] - [0% data] Average Loss: -28.07 
[2021-03-23 13:59:36,082][trainer][INFO] - [0% data] Average Loss: -112.78 
[2021-03-23 13:59:36,103][trainer][INFO] - [0% data] Average Loss: -223.28 
[2021-03-23 13:59:36,123][trainer][INFO] - [0% data] Average Loss: -377.33 
[2021-03-23 13:59:36,139][trainer][INFO] - [0% data] Average Loss: -509.61 
[2021-03-23 13:59:36,160][trainer][INFO] - [0% data] Average Loss: -659.33 
[2021-03-23 13:59:36,176][trainer][INFO] - [0% data] Average Loss: -756.98 
[2021-03-23 13:59:36,191][trainer][INFO] - [0% data] Average Loss: -831.81 
[2021-03-23 13:59:36,215][trainer][INFO] - [0% data] Average Loss: -898.96 
[2021-03-23 13:59:36,243][trainer][INFO] - [0% data] Average Loss: -965.96 
[2021-03-23 13:59:36,258][trainer][INFO] - [0% data] Average Loss: -1009.32 
[2021-03-23 13:59:36,276][trainer][INFO] - [0% data] Average Loss: -1046.08 
[2021-03-23 13:59:36,296][trainer][INFO] - [0% data] Average Loss: -1102.20 
[2021-03-23 13:59:36,318][trainer][INFO] - [0% data] Average Loss: -1150.32 
[2021-03-23 13:59:36,334][trainer][INFO] - [0% data] Average Loss: -1171.39 
[2021-03-23 13:59:36,349][trainer][INFO] - [0% data] Average Loss: -1194.74 
[2021-03-23 13:59:36,366][trainer][INFO] - [0% data] Average Loss: -1213.27 
[2021-03-23 13:59:36,382][trainer][INFO] - [0% data] Average Loss: -1227.32 
[2021-03-23 13:59:36,397][trainer][INFO] - [0% data] Average Loss: -1251.10 
[2021-03-23 13:59:36,413][trainer][INFO] - [0% data] Average Loss: -1260.11 
[2021-03-23 13:59:36,429][trainer][INFO] - [0% data] Average Loss: -1271.58 
[2021-03-23 13:59:36,443][trainer][INFO] - [0% data] Average Loss: -1285.52 
[2021-03-23 13:59:36,460][trainer][INFO] - [0% data] Average Loss: -1306.30 
[2021-03-23 13:59:36,477][trainer][INFO] - [1% data] Average Loss: -1316.46 
[2021-03-23 13:59:36,492][trainer][INFO] - [1% data] Average Loss: -1324.00 
[2021-03-23 13:59:36,508][trainer][INFO] - [1% data] Average Loss: -1334.81 
[2021-03-23 13:59:36,525][trainer][INFO] - [1% data] Average Loss: -1338.86 
[2021-03-23 13:59:36,540][trainer][INFO] - [1% data] Average Loss: -1347.33 
[2021-03-23 13:59:36,555][trainer][INFO] - [1% data] Average Loss: -1351.76 
[2021-03-23 13:59:36,572][trainer][INFO] - [1% data] Average Loss: -1362.62 
[2021-03-23 13:59:36,590][trainer][INFO] - [1% data] Average Loss: -1372.80 
[2021-03-23 13:59:36,606][trainer][INFO] - [1% data] Average Loss: -1381.39 
[2021-03-23 13:59:36,622][trainer][INFO] - [1% data] Average Loss: -1381.21 
[2021-03-23 13:59:36,638][trainer][INFO] - [1% data] Average Loss: -1384.73 
[2021-03-23 13:59:36,655][trainer][INFO] - [1% data] Average Loss: -1387.17 
[2021-03-23 13:59:36,672][trainer][INFO] - [1% data] Average Loss: -1394.01 
[2021-03-23 13:59:36,686][trainer][INFO] - [1% data] Average Loss: -1402.39 
[2021-03-23 13:59:36,704][trainer][INFO] - [1% data] Average Loss: -1406.64 
[2021-03-23 13:59:36,721][trainer][INFO] - [1% data] Average Loss: -1414.68 
[2021-03-23 13:59:36,736][trainer][INFO] - [1% data] Average Loss: -1413.75 
[2021-03-23 13:59:36,753][trainer][INFO] - [1% data] Average Loss: -1414.95 
[2021-03-23 13:59:36,768][trainer][INFO] - [1% data] Average Loss: -1423.36 
[2021-03-23 13:59:36,782][trainer][INFO] - [1% data] Average Loss: -1425.92 
[2021-03-23 13:59:36,801][trainer][INFO] - [1% data] Average Loss: -1428.38 
[2021-03-23 13:59:36,816][trainer][INFO] - [1% data] Average Loss: -1431.59 
[2021-03-23 13:59:36,831][trainer][INFO] - [1% data] Average Loss: -1432.80 
[2021-03-23 13:59:36,847][trainer][INFO] - [1% data] Average Loss: -1436.29 
[2021-03-23 13:59:36,863][trainer][INFO] - [1% data] Average Loss: -1439.47 
[2021-03-23 13:59:36,878][trainer][INFO] - [2% data] Average Loss: -1442.53 
[2021-03-23 13:59:36,894][trainer][INFO] - [2% data] Average Loss: -1442.80 
[2021-03-23 13:59:36,911][trainer][INFO] - [2% data] Average Loss: -1448.91 
[2021-03-23 13:59:36,927][trainer][INFO] - [2% data] Average Loss: -1454.48 
[2021-03-23 13:59:36,944][trainer][INFO] - [2% data] Average Loss: -1456.15 
[2021-03-23 13:59:36,962][trainer][INFO] - [2% data] Average Loss: -1459.20 
[2021-03-23 13:59:36,979][trainer][INFO] - [2% data] Average Loss: -1462.72 
[2021-03-23 13:59:36,994][trainer][INFO] - [2% data] Average Loss: -1463.31 
[2021-03-23 13:59:37,008][trainer][INFO] - [2% data] Average Loss: -1466.09 
[2021-03-23 13:59:37,025][trainer][INFO] - [2% data] Average Loss: -1470.53 
[2021-03-23 13:59:37,042][trainer][INFO] - [2% data] Average Loss: -1472.56 
[2021-03-23 13:59:37,058][trainer][INFO] - [2% data] Average Loss: -1475.97 
[2021-03-23 13:59:37,073][trainer][INFO] - [2% data] Average Loss: -1475.91 
[2021-03-23 13:59:37,093][trainer][INFO] - [2% data] Average Loss: -1476.49 
[2021-03-23 13:59:37,110][trainer][INFO] - [2% data] Average Loss: -1478.05 
[2021-03-23 13:59:37,126][trainer][INFO] - [2% data] Average Loss: -1477.71 
[2021-03-23 13:59:37,143][trainer][INFO] - [2% data] Average Loss: -1480.06 
[2021-03-23 13:59:37,160][trainer][INFO] - [2% data] Average Loss: -1481.61 
[2021-03-23 13:59:37,175][trainer][INFO] - [2% data] Average Loss: -1482.42 
[2021-03-23 13:59:37,191][trainer][INFO] - [2% data] Average Loss: -1486.33 
[2021-03-23 13:59:37,208][trainer][INFO] - [2% data] Average Loss: -1486.25 
[2021-03-23 13:59:37,224][trainer][INFO] - [2% data] Average Loss: -1489.43 
[2021-03-23 13:59:37,238][trainer][INFO] - [2% data] Average Loss: -1488.86 
[2021-03-23 13:59:37,257][trainer][INFO] - [2% data] Average Loss: -1491.59 
[2021-03-23 13:59:37,272][trainer][INFO] - [2% data] Average Loss: -1491.87 
[2021-03-23 13:59:37,287][trainer][INFO] - [3% data] Average Loss: -1493.21 
[2021-03-23 13:59:37,303][trainer][INFO] - [3% data] Average Loss: -1492.62 
[2021-03-23 13:59:37,317][trainer][INFO] - [3% data] Average Loss: -1491.73 
[2021-03-23 13:59:37,331][trainer][INFO] - [3% data] Average Loss: -1492.51 
[2021-03-23 13:59:37,346][trainer][INFO] - [3% data] Average Loss: -1493.77 
[2021-03-23 13:59:37,361][trainer][INFO] - [3% data] Average Loss: -1492.51 
[2021-03-23 13:59:37,376][trainer][INFO] - [3% data] Average Loss: -1492.75 
[2021-03-23 13:59:37,393][trainer][INFO] - [3% data] Average Loss: -1495.92 
[2021-03-23 13:59:37,409][trainer][INFO] - [3% data] Average Loss: -1494.30 
[2021-03-23 13:59:37,425][trainer][INFO] - [3% data] Average Loss: -1493.09 
[2021-03-23 13:59:37,439][trainer][INFO] - [3% data] Average Loss: -1496.04 
[2021-03-23 13:59:37,454][trainer][INFO] - [3% data] Average Loss: -1498.00 
[2021-03-23 13:59:37,470][trainer][INFO] - [3% data] Average Loss: -1499.08 
[2021-03-23 13:59:37,489][trainer][INFO] - [3% data] Average Loss: -1501.05 
[2021-03-23 13:59:37,504][trainer][INFO] - [3% data] Average Loss: -1501.27 
[2021-03-23 13:59:37,521][trainer][INFO] - [3% data] Average Loss: -1500.68 
[2021-03-23 13:59:37,535][trainer][INFO] - [3% data] Average Loss: -1502.66 
[2021-03-23 13:59:37,550][trainer][INFO] - [3% data] Average Loss: -1503.46 
[2021-03-23 13:59:37,566][trainer][INFO] - [3% data] Average Loss: -1503.55 
[2021-03-23 13:59:37,582][trainer][INFO] - [3% data] Average Loss: -1503.22 
[2021-03-23 13:59:37,599][trainer][INFO] - [3% data] Average Loss: -1506.26 
[2021-03-23 13:59:37,618][trainer][INFO] - [3% data] Average Loss: -1508.33 
[2021-03-23 13:59:37,638][trainer][INFO] - [3% data] Average Loss: -1509.77 
[2021-03-23 13:59:37,654][trainer][INFO] - [3% data] Average Loss: -1512.49 
[2021-03-23 13:59:37,668][trainer][INFO] - [3% data] Average Loss: -1510.96 
[2021-03-23 13:59:37,685][trainer][INFO] - [4% data] Average Loss: -1511.85 
[2021-03-23 13:59:37,702][trainer][INFO] - [4% data] Average Loss: -1514.71 
[2021-03-23 13:59:37,715][trainer][INFO] - [4% data] Average Loss: -1513.66 
[2021-03-23 13:59:37,731][trainer][INFO] - [4% data] Average Loss: -1514.12 
[2021-03-23 13:59:37,748][trainer][INFO] - [4% data] Average Loss: -1516.87 
[2021-03-23 13:59:37,763][trainer][INFO] - [4% data] Average Loss: -1517.97 
[2021-03-23 13:59:37,776][trainer][INFO] - [4% data] Average Loss: -1516.03 
[2021-03-23 13:59:37,793][trainer][INFO] - [4% data] Average Loss: -1517.72 
[2021-03-23 13:59:37,812][trainer][INFO] - [4% data] Average Loss: -1519.96 
[2021-03-23 13:59:37,826][trainer][INFO] - [4% data] Average Loss: -1518.65 
[2021-03-23 13:59:37,844][trainer][INFO] - [4% data] Average Loss: -1520.70 
[2021-03-23 13:59:37,857][trainer][INFO] - [4% data] Average Loss: -1518.39 
[2021-03-23 13:59:37,872][trainer][INFO] - [4% data] Average Loss: -1519.12 
[2021-03-23 13:59:37,888][trainer][INFO] - [4% data] Average Loss: -1520.83 
[2021-03-23 13:59:37,905][trainer][INFO] - [4% data] Average Loss: -1522.65 
[2021-03-23 13:59:37,921][trainer][INFO] - [4% data] Average Loss: -1525.07 
[2021-03-23 13:59:37,937][trainer][INFO] - [4% data] Average Loss: -1524.54 
[2021-03-23 13:59:37,953][trainer][INFO] - [4% data] Average Loss: -1524.57 
[2021-03-23 13:59:37,967][trainer][INFO] - [4% data] Average Loss: -1526.23 
[2021-03-23 13:59:37,982][trainer][INFO] - [4% data] Average Loss: -1526.32 
[2021-03-23 13:59:37,998][trainer][INFO] - [4% data] Average Loss: -1525.34 
[2021-03-23 13:59:38,017][trainer][INFO] - [4% data] Average Loss: -1525.76 
[2021-03-23 13:59:38,033][trainer][INFO] - [4% data] Average Loss: -1525.65 
[2021-03-23 13:59:38,049][trainer][INFO] - [4% data] Average Loss: -1525.73 
[2021-03-23 13:59:38,064][trainer][INFO] - [4% data] Average Loss: -1526.66 
[2021-03-23 13:59:38,079][trainer][INFO] - [5% data] Average Loss: -1526.93 
[2021-03-23 13:59:38,097][trainer][INFO] - [5% data] Average Loss: -1527.45 
[2021-03-23 13:59:38,112][trainer][INFO] - [5% data] Average Loss: -1528.15 
[2021-03-23 13:59:38,127][trainer][INFO] - [5% data] Average Loss: -1527.90 
[2021-03-23 13:59:38,142][trainer][INFO] - [5% data] Average Loss: -1528.09 
[2021-03-23 13:59:38,174][trainer][INFO] - [5% data] Average Loss: -1531.10 
[2021-03-23 13:59:38,188][trainer][INFO] - [5% data] Average Loss: -1530.78 
[2021-03-23 13:59:38,204][trainer][INFO] - [5% data] Average Loss: -1531.49 
[2021-03-23 13:59:38,219][trainer][INFO] - [5% data] Average Loss: -1530.98 
[2021-03-23 13:59:38,234][trainer][INFO] - [5% data] Average Loss: -1530.42 
[2021-03-23 13:59:38,249][trainer][INFO] - [5% data] Average Loss: -1529.82 
[2021-03-23 13:59:38,265][trainer][INFO] - [5% data] Average Loss: -1530.10 
[2021-03-23 13:59:38,279][trainer][INFO] - [5% data] Average Loss: -1528.74 
[2021-03-23 13:59:38,294][trainer][INFO] - [5% data] Average Loss: -1528.34 
[2021-03-23 13:59:38,309][trainer][INFO] - [5% data] Average Loss: -1528.57 
[2021-03-23 13:59:38,326][trainer][INFO] - [5% data] Average Loss: -1529.94 
[2021-03-23 13:59:38,340][trainer][INFO] - [5% data] Average Loss: -1530.66 
[2021-03-23 13:59:38,356][trainer][INFO] - [5% data] Average Loss: -1531.77 
[2021-03-23 13:59:38,373][trainer][INFO] - [5% data] Average Loss: -1532.64 
[2021-03-23 13:59:38,390][trainer][INFO] - [5% data] Average Loss: -1534.22 
[2021-03-23 13:59:38,406][trainer][INFO] - [5% data] Average Loss: -1535.51 
[2021-03-23 13:59:38,421][trainer][INFO] - [5% data] Average Loss: -1534.53 
[2021-03-23 13:59:38,435][trainer][INFO] - [5% data] Average Loss: -1534.54 
[2021-03-23 13:59:38,450][trainer][INFO] - [5% data] Average Loss: -1534.77 
[2021-03-23 13:59:38,466][trainer][INFO] - [5% data] Average Loss: -1533.76 
[2021-03-23 13:59:38,482][trainer][INFO] - [6% data] Average Loss: -1533.94 
[2021-03-23 13:59:38,496][trainer][INFO] - [6% data] Average Loss: -1534.16 
[2021-03-23 13:59:38,514][trainer][INFO] - [6% data] Average Loss: -1534.76 
[2021-03-23 13:59:38,529][trainer][INFO] - [6% data] Average Loss: -1534.66 
[2021-03-23 13:59:38,542][trainer][INFO] - [6% data] Average Loss: -1535.35 
[2021-03-23 13:59:38,557][trainer][INFO] - [6% data] Average Loss: -1536.13 
[2021-03-23 13:59:38,574][trainer][INFO] - [6% data] Average Loss: -1536.03 
[2021-03-23 13:59:38,589][trainer][INFO] - [6% data] Average Loss: -1535.72 
[2021-03-23 13:59:38,604][trainer][INFO] - [6% data] Average Loss: -1535.88 
[2021-03-23 13:59:38,618][trainer][INFO] - [6% data] Average Loss: -1535.18 
[2021-03-23 13:59:38,635][trainer][INFO] - [6% data] Average Loss: -1534.89 
[2021-03-23 13:59:38,652][trainer][INFO] - [6% data] Average Loss: -1534.94 
[2021-03-23 13:59:38,666][trainer][INFO] - [6% data] Average Loss: -1536.63 
[2021-03-23 13:59:38,683][trainer][INFO] - [6% data] Average Loss: -1536.77 
[2021-03-23 13:59:38,699][trainer][INFO] - [6% data] Average Loss: -1536.77 
[2021-03-23 13:59:38,714][trainer][INFO] - [6% data] Average Loss: -1538.56 
[2021-03-23 13:59:38,731][trainer][INFO] - [6% data] Average Loss: -1538.65 
[2021-03-23 13:59:38,747][trainer][INFO] - [6% data] Average Loss: -1538.82 
[2021-03-23 13:59:38,763][trainer][INFO] - [6% data] Average Loss: -1539.00 
[2021-03-23 13:59:38,779][trainer][INFO] - [6% data] Average Loss: -1539.36 
[2021-03-23 13:59:38,794][trainer][INFO] - [6% data] Average Loss: -1540.52 
[2021-03-23 13:59:38,809][trainer][INFO] - [6% data] Average Loss: -1541.38 
[2021-03-23 13:59:38,824][trainer][INFO] - [6% data] Average Loss: -1541.08 
[2021-03-23 13:59:38,841][trainer][INFO] - [6% data] Average Loss: -1541.33 
[2021-03-23 13:59:38,855][trainer][INFO] - [6% data] Average Loss: -1540.38 
[2021-03-23 13:59:38,870][trainer][INFO] - [7% data] Average Loss: -1540.81 
[2021-03-23 13:59:38,886][trainer][INFO] - [7% data] Average Loss: -1542.47 
[2021-03-23 13:59:38,901][trainer][INFO] - [7% data] Average Loss: -1541.94 
[2021-03-23 13:59:38,915][trainer][INFO] - [7% data] Average Loss: -1542.80 
[2021-03-23 13:59:38,931][trainer][INFO] - [7% data] Average Loss: -1544.33 
[2021-03-23 13:59:38,946][trainer][INFO] - [7% data] Average Loss: -1543.84 
[2021-03-23 13:59:38,963][trainer][INFO] - [7% data] Average Loss: -1544.60 
[2021-03-23 13:59:38,978][trainer][INFO] - [7% data] Average Loss: -1544.81 
[2021-03-23 13:59:38,995][trainer][INFO] - [7% data] Average Loss: -1544.07 
[2021-03-23 13:59:39,012][trainer][INFO] - [7% data] Average Loss: -1545.98 
[2021-03-23 13:59:39,028][trainer][INFO] - [7% data] Average Loss: -1547.96 
[2021-03-23 13:59:39,045][trainer][INFO] - [7% data] Average Loss: -1549.06 
[2021-03-23 13:59:39,059][trainer][INFO] - [7% data] Average Loss: -1548.40 
[2021-03-23 13:59:39,074][trainer][INFO] - [7% data] Average Loss: -1547.82 
[2021-03-23 13:59:39,091][trainer][INFO] - [7% data] Average Loss: -1548.06 
[2021-03-23 13:59:39,107][trainer][INFO] - [7% data] Average Loss: -1548.42 
[2021-03-23 13:59:39,121][trainer][INFO] - [7% data] Average Loss: -1548.69 
[2021-03-23 13:59:39,138][trainer][INFO] - [7% data] Average Loss: -1549.21 
[2021-03-23 13:59:39,154][trainer][INFO] - [7% data] Average Loss: -1549.01 
[2021-03-23 13:59:39,170][trainer][INFO] - [7% data] Average Loss: -1548.74 
[2021-03-23 13:59:39,185][trainer][INFO] - [7% data] Average Loss: -1548.60 
[2021-03-23 13:59:39,201][trainer][INFO] - [7% data] Average Loss: -1548.45 
[2021-03-23 13:59:39,215][trainer][INFO] - [7% data] Average Loss: -1549.41 
[2021-03-23 13:59:39,228][trainer][INFO] - [7% data] Average Loss: -1548.37 
[2021-03-23 13:59:39,244][trainer][INFO] - [7% data] Average Loss: -1548.47 
[2021-03-23 13:59:39,262][trainer][INFO] - [8% data] Average Loss: -1548.81 
[2021-03-23 13:59:39,275][trainer][INFO] - [8% data] Average Loss: -1548.63 
[2021-03-23 13:59:39,289][trainer][INFO] - [8% data] Average Loss: -1548.92 
[2021-03-23 13:59:39,305][trainer][INFO] - [8% data] Average Loss: -1549.37 
[2021-03-23 13:59:39,321][trainer][INFO] - [8% data] Average Loss: -1548.45 
[2021-03-23 13:59:39,335][trainer][INFO] - [8% data] Average Loss: -1548.16 
[2021-03-23 13:59:39,353][trainer][INFO] - [8% data] Average Loss: -1550.00 
[2021-03-23 13:59:39,370][trainer][INFO] - [8% data] Average Loss: -1550.83 
[2021-03-23 13:59:39,385][trainer][INFO] - [8% data] Average Loss: -1550.22 
[2021-03-23 13:59:39,401][trainer][INFO] - [8% data] Average Loss: -1550.15 
[2021-03-23 13:59:39,418][trainer][INFO] - [8% data] Average Loss: -1551.19 
[2021-03-23 13:59:39,432][trainer][INFO] - [8% data] Average Loss: -1551.76 
[2021-03-23 13:59:39,447][trainer][INFO] - [8% data] Average Loss: -1551.24 
[2021-03-23 13:59:39,462][trainer][INFO] - [8% data] Average Loss: -1552.18 
[2021-03-23 13:59:39,478][trainer][INFO] - [8% data] Average Loss: -1552.60 
[2021-03-23 13:59:39,492][trainer][INFO] - [8% data] Average Loss: -1553.26 
[2021-03-23 13:59:39,508][trainer][INFO] - [8% data] Average Loss: -1553.44 
[2021-03-23 13:59:39,525][trainer][INFO] - [8% data] Average Loss: -1553.44 
[2021-03-23 13:59:39,540][trainer][INFO] - [8% data] Average Loss: -1555.20 
[2021-03-23 13:59:39,554][trainer][INFO] - [8% data] Average Loss: -1554.60 
[2021-03-23 13:59:39,568][trainer][INFO] - [8% data] Average Loss: -1553.35 
[2021-03-23 13:59:39,584][trainer][INFO] - [8% data] Average Loss: -1553.60 
[2021-03-23 13:59:39,599][trainer][INFO] - [8% data] Average Loss: -1553.41 
[2021-03-23 13:59:39,614][trainer][INFO] - [8% data] Average Loss: -1554.13 
[2021-03-23 13:59:39,629][trainer][INFO] - [8% data] Average Loss: -1552.66 
[2021-03-23 13:59:39,646][trainer][INFO] - [9% data] Average Loss: -1552.80 
[2021-03-23 13:59:39,666][trainer][INFO] - [9% data] Average Loss: -1553.32 
[2021-03-23 13:59:39,688][trainer][INFO] - [9% data] Average Loss: -1553.00 
[2021-03-23 13:59:39,711][trainer][INFO] - [9% data] Average Loss: -1552.65 
[2021-03-23 13:59:39,726][trainer][INFO] - [9% data] Average Loss: -1553.35 
[2021-03-23 13:59:39,739][trainer][INFO] - [9% data] Average Loss: -1553.06 
[2021-03-23 13:59:39,754][trainer][INFO] - [9% data] Average Loss: -1552.51 
[2021-03-23 13:59:39,769][trainer][INFO] - [9% data] Average Loss: -1552.06 
[2021-03-23 13:59:39,784][trainer][INFO] - [9% data] Average Loss: -1551.96 
[2021-03-23 13:59:39,799][trainer][INFO] - [9% data] Average Loss: -1551.48 
[2021-03-23 13:59:39,814][trainer][INFO] - [9% data] Average Loss: -1551.79 
[2021-03-23 13:59:39,831][trainer][INFO] - [9% data] Average Loss: -1551.62 
[2021-03-23 13:59:39,847][trainer][INFO] - [9% data] Average Loss: -1552.10 
[2021-03-23 13:59:39,862][trainer][INFO] - [9% data] Average Loss: -1551.76 
[2021-03-23 13:59:39,878][trainer][INFO] - [9% data] Average Loss: -1552.00 
[2021-03-23 13:59:39,893][trainer][INFO] - [9% data] Average Loss: -1551.73 
[2021-03-23 13:59:39,907][trainer][INFO] - [9% data] Average Loss: -1552.30 
[2021-03-23 13:59:39,922][trainer][INFO] - [9% data] Average Loss: -1552.40 
[2021-03-23 13:59:39,939][trainer][INFO] - [9% data] Average Loss: -1552.83 
[2021-03-23 13:59:39,954][trainer][INFO] - [9% data] Average Loss: -1552.56 
[2021-03-23 13:59:39,969][trainer][INFO] - [9% data] Average Loss: -1553.08 
[2021-03-23 13:59:39,984][trainer][INFO] - [9% data] Average Loss: -1552.76 
[2021-03-23 13:59:40,000][trainer][INFO] - [9% data] Average Loss: -1553.86 
[2021-03-23 13:59:40,015][trainer][INFO] - [9% data] Average Loss: -1554.69 
[2021-03-23 13:59:40,029][trainer][INFO] - [9% data] Average Loss: -1554.29 
[2021-03-23 13:59:40,045][trainer][INFO] - [10% data] Average Loss: -1555.02 
[2021-03-23 13:59:40,060][trainer][INFO] - [10% data] Average Loss: -1554.41 
[2021-03-23 13:59:40,074][trainer][INFO] - [10% data] Average Loss: -1555.06 
[2021-03-23 13:59:40,089][trainer][INFO] - [10% data] Average Loss: -1555.56 
[2021-03-23 13:59:40,106][trainer][INFO] - [10% data] Average Loss: -1555.77 
[2021-03-23 13:59:40,123][trainer][INFO] - [10% data] Average Loss: -1556.10 
[2021-03-23 13:59:40,139][trainer][INFO] - [10% data] Average Loss: -1556.15 
[2021-03-23 13:59:40,155][trainer][INFO] - [10% data] Average Loss: -1556.13 
[2021-03-23 13:59:40,170][trainer][INFO] - [10% data] Average Loss: -1556.58 
[2021-03-23 13:59:40,184][trainer][INFO] - [10% data] Average Loss: -1556.84 
[2021-03-23 13:59:40,200][trainer][INFO] - [10% data] Average Loss: -1556.95 
[2021-03-23 13:59:40,217][trainer][INFO] - [10% data] Average Loss: -1556.07 
[2021-03-23 13:59:40,232][trainer][INFO] - [10% data] Average Loss: -1556.33 
[2021-03-23 13:59:40,248][trainer][INFO] - [10% data] Average Loss: -1555.80 
[2021-03-23 13:59:40,265][trainer][INFO] - [10% data] Average Loss: -1556.12 
[2021-03-23 13:59:40,279][trainer][INFO] - [10% data] Average Loss: -1555.56 
[2021-03-23 13:59:40,294][trainer][INFO] - [10% data] Average Loss: -1556.61 
[2021-03-23 13:59:40,311][trainer][INFO] - [10% data] Average Loss: -1556.86 
[2021-03-23 13:59:40,327][trainer][INFO] - [10% data] Average Loss: -1556.90 
[2021-03-23 13:59:40,342][trainer][INFO] - [10% data] Average Loss: -1556.50 
[2021-03-23 13:59:40,358][trainer][INFO] - [10% data] Average Loss: -1556.28 
[2021-03-23 13:59:40,374][trainer][INFO] - [10% data] Average Loss: -1555.91 
[2021-03-23 13:59:40,388][trainer][INFO] - [10% data] Average Loss: -1555.89 
[2021-03-23 13:59:40,405][trainer][INFO] - [10% data] Average Loss: -1555.82 
[2021-03-23 13:59:40,420][trainer][INFO] - [10% data] Average Loss: -1555.02 
[2021-03-23 13:59:40,437][trainer][INFO] - [11% data] Average Loss: -1555.48 
[2021-03-23 13:59:40,452][trainer][INFO] - [11% data] Average Loss: -1555.23 
[2021-03-23 13:59:40,468][trainer][INFO] - [11% data] Average Loss: -1555.54 
[2021-03-23 13:59:40,484][trainer][INFO] - [11% data] Average Loss: -1555.53 
[2021-03-23 13:59:40,498][trainer][INFO] - [11% data] Average Loss: -1555.17 
[2021-03-23 13:59:40,514][trainer][INFO] - [11% data] Average Loss: -1555.31 
[2021-03-23 13:59:40,530][trainer][INFO] - [11% data] Average Loss: -1556.15 
[2021-03-23 13:59:40,546][trainer][INFO] - [11% data] Average Loss: -1557.16 
[2021-03-23 13:59:40,564][trainer][INFO] - [11% data] Average Loss: -1557.31 
[2021-03-23 13:59:40,580][trainer][INFO] - [11% data] Average Loss: -1557.60 
[2021-03-23 13:59:40,594][trainer][INFO] - [11% data] Average Loss: -1557.56 
[2021-03-23 13:59:40,612][trainer][INFO] - [11% data] Average Loss: -1557.90 
[2021-03-23 13:59:40,628][trainer][INFO] - [11% data] Average Loss: -1558.52 
[2021-03-23 13:59:40,645][trainer][INFO] - [11% data] Average Loss: -1559.17 
[2021-03-23 13:59:40,662][trainer][INFO] - [11% data] Average Loss: -1559.06 
[2021-03-23 13:59:40,677][trainer][INFO] - [11% data] Average Loss: -1559.54 
[2021-03-23 13:59:40,695][trainer][INFO] - [11% data] Average Loss: -1559.87 
[2021-03-23 13:59:40,712][trainer][INFO] - [11% data] Average Loss: -1559.79 
[2021-03-23 13:59:40,729][trainer][INFO] - [11% data] Average Loss: -1560.36 
[2021-03-23 13:59:40,745][trainer][INFO] - [11% data] Average Loss: -1560.17 
[2021-03-23 13:59:40,760][trainer][INFO] - [11% data] Average Loss: -1560.15 
[2021-03-23 13:59:40,775][trainer][INFO] - [11% data] Average Loss: -1559.85 
[2021-03-23 13:59:40,792][trainer][INFO] - [11% data] Average Loss: -1560.07 
[2021-03-23 13:59:40,808][trainer][INFO] - [11% data] Average Loss: -1560.31 
[2021-03-23 13:59:40,822][trainer][INFO] - [11% data] Average Loss: -1560.44 
[2021-03-23 13:59:40,840][trainer][INFO] - [12% data] Average Loss: -1560.52 
[2021-03-23 13:59:40,856][trainer][INFO] - [12% data] Average Loss: -1560.81 
[2021-03-23 13:59:40,871][trainer][INFO] - [12% data] Average Loss: -1561.24 
[2021-03-23 13:59:40,887][trainer][INFO] - [12% data] Average Loss: -1561.52 
[2021-03-23 13:59:40,905][trainer][INFO] - [12% data] Average Loss: -1561.76 
[2021-03-23 13:59:40,922][trainer][INFO] - [12% data] Average Loss: -1561.67 
[2021-03-23 13:59:40,937][trainer][INFO] - [12% data] Average Loss: -1561.88 
[2021-03-23 13:59:40,951][trainer][INFO] - [12% data] Average Loss: -1561.59 
[2021-03-23 13:59:40,967][trainer][INFO] - [12% data] Average Loss: -1562.13 
[2021-03-23 13:59:40,984][trainer][INFO] - [12% data] Average Loss: -1561.35 
[2021-03-23 13:59:41,000][trainer][INFO] - [12% data] Average Loss: -1561.81 
[2021-03-23 13:59:41,015][trainer][INFO] - [12% data] Average Loss: -1561.62 
[2021-03-23 13:59:41,032][trainer][INFO] - [12% data] Average Loss: -1561.75 
[2021-03-23 13:59:41,047][trainer][INFO] - [12% data] Average Loss: -1561.82 
[2021-03-23 13:59:41,061][trainer][INFO] - [12% data] Average Loss: -1561.76 
[2021-03-23 13:59:41,080][trainer][INFO] - [12% data] Average Loss: -1562.42 
[2021-03-23 13:59:41,097][trainer][INFO] - [12% data] Average Loss: -1562.29 
[2021-03-23 13:59:41,112][trainer][INFO] - [12% data] Average Loss: -1561.95 
[2021-03-23 13:59:41,129][trainer][INFO] - [12% data] Average Loss: -1561.95 
