[2021-03-24 12:24:38,765][__main__][INFO] - ====================
[2021-03-24 12:24:38,773][__main__][INFO] - Device: cuda:1
[2021-03-24 12:24:38,773][__main__][INFO] - Preprocessing...
[2021-03-24 12:24:39,639][__main__][INFO] - Making Dataset...
[2021-03-24 12:24:39,912][__main__][INFO] - Model:rnn
[2021-03-24 12:24:43,489][__main__][INFO] - ===== Start 5-fold training! =====
[2021-03-24 12:24:43,571][trainer][INFO] - ===== Epoch 0 - Fold 0 =====
[2021-03-24 12:24:43,669][trainer][INFO] - [0%] Train Loss: 0.021728 Accuracy: 34.38%
[2021-03-24 12:25:03,933][trainer][INFO] - [10%] Train Loss: 0.017835 Accuracy: 70.11%
[2021-03-24 12:25:24,129][trainer][INFO] - [20%] Train Loss: 0.017185 Accuracy: 71.57%
[2021-03-24 12:25:44,143][trainer][INFO] - [30%] Train Loss: 0.016798 Accuracy: 72.43%
[2021-03-24 12:26:04,481][trainer][INFO] - [40%] Train Loss: 0.016434 Accuracy: 73.31%
[2021-03-24 12:26:24,766][trainer][INFO] - [50%] Train Loss: 0.016148 Accuracy: 74.02%
[2021-03-24 12:26:45,376][trainer][INFO] - [60%] Train Loss: 0.015979 Accuracy: 74.38%
[2021-03-24 12:27:05,640][trainer][INFO] - [70%] Train Loss: 0.015869 Accuracy: 74.56%
[2021-03-24 12:27:26,052][trainer][INFO] - [80%] Train Loss: 0.015702 Accuracy: 74.89%
[2021-03-24 12:27:46,250][trainer][INFO] - [90%] Train Loss: 0.015522 Accuracy: 75.27%
[2021-03-24 12:28:07,068][trainer][INFO] - [100%] Train Loss: 0.015379 Accuracy: 75.62%
[2021-03-24 12:28:25,615][trainer][INFO] - Valid Loss: 0.014367 Accuracy: 77.35%
[2021-03-24 12:28:25,615][trainer][INFO] - ===== Epoch 0 - Fold 1 =====
[2021-03-24 12:28:25,703][trainer][INFO] - [0%] Train Loss: 0.013022 Accuracy: 75.00%
[2021-03-24 12:28:45,755][trainer][INFO] - [10%] Train Loss: 0.014102 Accuracy: 77.94%
[2021-03-24 12:29:06,281][trainer][INFO] - [20%] Train Loss: 0.014113 Accuracy: 78.29%
[2021-03-24 12:29:26,771][trainer][INFO] - [30%] Train Loss: 0.014124 Accuracy: 78.37%
[2021-03-24 12:29:47,310][trainer][INFO] - [40%] Train Loss: 0.014126 Accuracy: 78.44%
[2021-03-24 12:30:07,512][trainer][INFO] - [50%] Train Loss: 0.014120 Accuracy: 78.37%
[2021-03-24 12:30:27,834][trainer][INFO] - [60%] Train Loss: 0.014140 Accuracy: 78.31%
[2021-03-24 12:30:48,013][trainer][INFO] - [70%] Train Loss: 0.014137 Accuracy: 78.36%
[2021-03-24 12:31:08,213][trainer][INFO] - [80%] Train Loss: 0.014139 Accuracy: 78.35%
[2021-03-24 12:31:28,463][trainer][INFO] - [90%] Train Loss: 0.014151 Accuracy: 78.33%
[2021-03-24 12:31:48,688][trainer][INFO] - [100%] Train Loss: 0.014118 Accuracy: 78.38%
[2021-03-24 12:32:07,175][trainer][INFO] - Valid Loss: 0.013876 Accuracy: 78.92%
[2021-03-24 12:32:07,176][trainer][INFO] - ===== Epoch 0 - Fold 2 =====
[2021-03-24 12:32:07,267][trainer][INFO] - [0%] Train Loss: 0.020880 Accuracy: 62.50%
[2021-03-24 12:32:27,578][trainer][INFO] - [10%] Train Loss: 0.013613 Accuracy: 79.26%
[2021-03-24 12:32:47,956][trainer][INFO] - [20%] Train Loss: 0.013664 Accuracy: 78.87%
[2021-03-24 12:33:08,293][trainer][INFO] - [30%] Train Loss: 0.013633 Accuracy: 78.99%
[2021-03-24 12:33:28,731][trainer][INFO] - [40%] Train Loss: 0.013582 Accuracy: 79.33%
[2021-03-24 12:33:49,029][trainer][INFO] - [50%] Train Loss: 0.013573 Accuracy: 79.33%
[2021-03-24 12:34:09,432][trainer][INFO] - [60%] Train Loss: 0.013608 Accuracy: 79.40%
[2021-03-24 12:34:29,628][trainer][INFO] - [70%] Train Loss: 0.013557 Accuracy: 79.54%
[2021-03-24 12:34:49,676][trainer][INFO] - [80%] Train Loss: 0.013565 Accuracy: 79.51%
[2021-03-24 12:35:10,133][trainer][INFO] - [90%] Train Loss: 0.013566 Accuracy: 79.46%
[2021-03-24 12:35:30,389][trainer][INFO] - [100%] Train Loss: 0.013587 Accuracy: 79.43%
[2021-03-24 12:35:49,056][trainer][INFO] - Valid Loss: 0.013781 Accuracy: 78.83%
[2021-03-24 12:35:49,057][trainer][INFO] - ===== Epoch 0 - Fold 3 =====
[2021-03-24 12:35:49,153][trainer][INFO] - [0%] Train Loss: 0.017701 Accuracy: 71.88%
[2021-03-24 12:36:09,401][trainer][INFO] - [10%] Train Loss: 0.012992 Accuracy: 80.91%
[2021-03-24 12:36:29,667][trainer][INFO] - [20%] Train Loss: 0.013025 Accuracy: 80.66%
[2021-03-24 12:36:49,984][trainer][INFO] - [30%] Train Loss: 0.013104 Accuracy: 80.52%
[2021-03-24 12:37:10,061][trainer][INFO] - [40%] Train Loss: 0.013142 Accuracy: 80.47%
[2021-03-24 12:37:30,379][trainer][INFO] - [50%] Train Loss: 0.013264 Accuracy: 80.23%
[2021-03-24 12:37:50,923][trainer][INFO] - [60%] Train Loss: 0.013238 Accuracy: 80.28%
[2021-03-24 12:38:11,059][trainer][INFO] - [70%] Train Loss: 0.013209 Accuracy: 80.28%
[2021-03-24 12:38:31,658][trainer][INFO] - [80%] Train Loss: 0.013267 Accuracy: 80.15%
[2021-03-24 12:38:51,642][trainer][INFO] - [90%] Train Loss: 0.013274 Accuracy: 80.11%
[2021-03-24 12:39:11,877][trainer][INFO] - [100%] Train Loss: 0.013282 Accuracy: 80.06%
[2021-03-24 12:39:30,481][trainer][INFO] - Valid Loss: 0.013153 Accuracy: 80.32%
[2021-03-24 12:39:30,481][trainer][INFO] - ===== Epoch 0 - Fold 4 =====
[2021-03-24 12:39:30,583][trainer][INFO] - [0%] Train Loss: 0.009975 Accuracy: 87.50%
[2021-03-24 12:39:50,880][trainer][INFO] - [10%] Train Loss: 0.012447 Accuracy: 81.96%
[2021-03-24 12:40:11,013][trainer][INFO] - [20%] Train Loss: 0.012785 Accuracy: 81.24%
[2021-03-24 12:40:31,558][trainer][INFO] - [30%] Train Loss: 0.012742 Accuracy: 81.02%
[2021-03-24 12:40:51,905][trainer][INFO] - [40%] Train Loss: 0.012823 Accuracy: 80.88%
[2021-03-24 12:41:12,417][trainer][INFO] - [50%] Train Loss: 0.012849 Accuracy: 80.84%
[2021-03-24 12:41:32,490][trainer][INFO] - [60%] Train Loss: 0.012916 Accuracy: 80.79%
[2021-03-24 12:41:52,784][trainer][INFO] - [70%] Train Loss: 0.012953 Accuracy: 80.76%
[2021-03-24 12:42:13,100][trainer][INFO] - [80%] Train Loss: 0.013008 Accuracy: 80.69%
[2021-03-24 12:42:33,399][trainer][INFO] - [90%] Train Loss: 0.013038 Accuracy: 80.63%
[2021-03-24 12:42:54,044][trainer][INFO] - [100%] Train Loss: 0.013084 Accuracy: 80.51%
[2021-03-24 12:43:12,581][trainer][INFO] - Valid Loss: 0.013014 Accuracy: 80.58%
